2023-12-21 22:00:59,425 - tools.commands - INFO - GameBot Init completed
2023-12-21 22:00:59,881 - httpx - INFO - HTTP Request: POST https://api.telegram.org/bot6544963442:AAGQQPLztmWLy_LcZG2jWvqk5HCrtloXvpQ/getMe "HTTP/1.1 200 OK"
2023-12-21 22:00:59,999 - httpx - INFO - HTTP Request: POST https://api.telegram.org/bot6544963442:AAGQQPLztmWLy_LcZG2jWvqk5HCrtloXvpQ/deleteWebhook "HTTP/1.1 200 OK"
2023-12-21 22:01:00,002 - apscheduler.scheduler - INFO - Scheduler started
2023-12-21 22:01:00,002 - telegram.ext.Application - INFO - Application started
2023-12-21 22:01:06,712 - httpx - INFO - HTTP Request: POST https://api.telegram.org/bot6544963442:AAGQQPLztmWLy_LcZG2jWvqk5HCrtloXvpQ/getUpdates "HTTP/1.1 200 OK"
2023-12-21 22:01:07,238 - httpx - INFO - HTTP Request: POST https://api.telegram.org/bot6544963442:AAGQQPLztmWLy_LcZG2jWvqk5HCrtloXvpQ/sendMessage "HTTP/1.1 200 OK"
2023-12-21 22:01:11,304 - httpx - INFO - HTTP Request: POST https://api.telegram.org/bot6544963442:AAGQQPLztmWLy_LcZG2jWvqk5HCrtloXvpQ/getUpdates "HTTP/1.1 200 OK"
2023-12-21 22:01:11,315 - apscheduler.scheduler - INFO - Added job "alarm_589482925" to job store "default"
2023-12-21 22:01:11,316 - telegram.ext.Application - ERROR - No error handlers are registered, logging exception.
Traceback (most recent call last):
  File "G:\My Drive\Projects\env_telegram_bot\Lib\site-packages\telegram\ext\_application.py", line 1234, in process_update
    await coroutine
  File "G:\My Drive\Projects\env_telegram_bot\Lib\site-packages\telegram\ext\_basehandler.py", line 157, in handle_update
    return await self.callback(update, context)
           ^^^^^^^^^^^^^^^^^^^^^^^^^^^^^^^^^^^^
  File "G:\My Drive\Projects\telegram_bot\SlapCardTelegramBot\tools\commands.py", line 90, in start_enroll
    context.chat_data['game_data']['enrolled'] = {}
    ~~~~~~~~~~~~~~~~~^^^^^^^^^^^^^
KeyError: 'game_data'
2023-12-21 22:01:12,472 - httpx - INFO - HTTP Request: POST https://api.telegram.org/bot6544963442:AAGQQPLztmWLy_LcZG2jWvqk5HCrtloXvpQ/getUpdates "HTTP/1.1 200 OK"
2023-12-21 22:01:12,474 - tools.commands - INFO - 589482925 enrolled.
2023-12-21 22:01:12,475 - telegram.ext.Application - ERROR - No error handlers are registered, logging exception.
Traceback (most recent call last):
  File "G:\My Drive\Projects\env_telegram_bot\Lib\site-packages\telegram\ext\_application.py", line 1234, in process_update
    await coroutine
  File "G:\My Drive\Projects\env_telegram_bot\Lib\site-packages\telegram\ext\_basehandler.py", line 157, in handle_update
    return await self.callback(update, context)
           ^^^^^^^^^^^^^^^^^^^^^^^^^^^^^^^^^^^^
  File "G:\My Drive\Projects\telegram_bot\SlapCardTelegramBot\tools\commands.py", line 123, in join
    if context.chat_data['game_data']['enrolled'].get(update.message.from_user.id) == None :
       ~~~~~~~~~~~~~~~~~^^^^^^^^^^^^^
KeyError: 'game_data'
2023-12-21 22:01:21,316 - apscheduler.scheduler - INFO - Removed job 5bcf3d7716c845198b58f6bd7dbe5404
2023-12-21 22:01:21,317 - apscheduler.executors.default - INFO - Running job "alarm_589482925 (trigger: date[2023-12-22 03:01:21 UTC], next run at: 2023-12-22 03:01:21 UTC)" (scheduled at 2023-12-22 03:01:21.306029+00:00)
2023-12-21 22:01:21,318 - telegram.ext.Application - ERROR - No error handlers are registered, logging exception.
Traceback (most recent call last):
  File "G:\My Drive\Projects\env_telegram_bot\Lib\site-packages\telegram\ext\_jobqueue.py", line 940, in _run
    await self.callback(context)
  File "G:\My Drive\Projects\telegram_bot\SlapCardTelegramBot\tools\commands.py", line 59, in alarm
    Players enrolled : {context.chat_data['game_data']['enrolled'].keys()}
                        ~~~~~~~~~~~~~~~~~^^^^^^^^^^^^^
KeyError: 'game_data'
2023-12-21 22:01:21,341 - apscheduler.executors.default - INFO - Job "alarm_589482925 (trigger: date[2023-12-22 03:01:21 UTC], next run at: 2023-12-22 03:01:21 UTC)" executed successfully
2023-12-21 22:01:22,604 - httpx - INFO - HTTP Request: POST https://api.telegram.org/bot6544963442:AAGQQPLztmWLy_LcZG2jWvqk5HCrtloXvpQ/getUpdates "HTTP/1.1 200 OK"
2023-12-21 22:01:32,791 - httpx - INFO - HTTP Request: POST https://api.telegram.org/bot6544963442:AAGQQPLztmWLy_LcZG2jWvqk5HCrtloXvpQ/getUpdates "HTTP/1.1 200 OK"
2023-12-21 22:01:42,955 - httpx - INFO - HTTP Request: POST https://api.telegram.org/bot6544963442:AAGQQPLztmWLy_LcZG2jWvqk5HCrtloXvpQ/getUpdates "HTTP/1.1 200 OK"
2023-12-21 22:01:53,103 - httpx - INFO - HTTP Request: POST https://api.telegram.org/bot6544963442:AAGQQPLztmWLy_LcZG2jWvqk5HCrtloXvpQ/getUpdates "HTTP/1.1 200 OK"
2023-12-21 22:02:03,234 - httpx - INFO - HTTP Request: POST https://api.telegram.org/bot6544963442:AAGQQPLztmWLy_LcZG2jWvqk5HCrtloXvpQ/getUpdates "HTTP/1.1 200 OK"
2023-12-21 22:02:13,355 - httpx - INFO - HTTP Request: POST https://api.telegram.org/bot6544963442:AAGQQPLztmWLy_LcZG2jWvqk5HCrtloXvpQ/getUpdates "HTTP/1.1 200 OK"
2023-12-21 22:02:23,480 - httpx - INFO - HTTP Request: POST https://api.telegram.org/bot6544963442:AAGQQPLztmWLy_LcZG2jWvqk5HCrtloXvpQ/getUpdates "HTTP/1.1 200 OK"
2023-12-21 22:02:33,610 - httpx - INFO - HTTP Request: POST https://api.telegram.org/bot6544963442:AAGQQPLztmWLy_LcZG2jWvqk5HCrtloXvpQ/getUpdates "HTTP/1.1 200 OK"
2023-12-21 22:02:43,732 - httpx - INFO - HTTP Request: POST https://api.telegram.org/bot6544963442:AAGQQPLztmWLy_LcZG2jWvqk5HCrtloXvpQ/getUpdates "HTTP/1.1 200 OK"
2023-12-21 22:02:53,851 - httpx - INFO - HTTP Request: POST https://api.telegram.org/bot6544963442:AAGQQPLztmWLy_LcZG2jWvqk5HCrtloXvpQ/getUpdates "HTTP/1.1 200 OK"
2023-12-21 22:03:03,986 - httpx - INFO - HTTP Request: POST https://api.telegram.org/bot6544963442:AAGQQPLztmWLy_LcZG2jWvqk5HCrtloXvpQ/getUpdates "HTTP/1.1 200 OK"
2023-12-21 22:03:14,105 - httpx - INFO - HTTP Request: POST https://api.telegram.org/bot6544963442:AAGQQPLztmWLy_LcZG2jWvqk5HCrtloXvpQ/getUpdates "HTTP/1.1 200 OK"
2023-12-21 22:03:24,231 - httpx - INFO - HTTP Request: POST https://api.telegram.org/bot6544963442:AAGQQPLztmWLy_LcZG2jWvqk5HCrtloXvpQ/getUpdates "HTTP/1.1 200 OK"
2023-12-21 22:03:34,352 - httpx - INFO - HTTP Request: POST https://api.telegram.org/bot6544963442:AAGQQPLztmWLy_LcZG2jWvqk5HCrtloXvpQ/getUpdates "HTTP/1.1 200 OK"
2023-12-21 22:03:44,472 - httpx - INFO - HTTP Request: POST https://api.telegram.org/bot6544963442:AAGQQPLztmWLy_LcZG2jWvqk5HCrtloXvpQ/getUpdates "HTTP/1.1 200 OK"
2023-12-21 22:03:54,592 - httpx - INFO - HTTP Request: POST https://api.telegram.org/bot6544963442:AAGQQPLztmWLy_LcZG2jWvqk5HCrtloXvpQ/getUpdates "HTTP/1.1 200 OK"
2023-12-21 22:04:04,727 - httpx - INFO - HTTP Request: POST https://api.telegram.org/bot6544963442:AAGQQPLztmWLy_LcZG2jWvqk5HCrtloXvpQ/getUpdates "HTTP/1.1 200 OK"
2023-12-21 22:04:14,852 - httpx - INFO - HTTP Request: POST https://api.telegram.org/bot6544963442:AAGQQPLztmWLy_LcZG2jWvqk5HCrtloXvpQ/getUpdates "HTTP/1.1 200 OK"
2023-12-21 22:04:24,978 - httpx - INFO - HTTP Request: POST https://api.telegram.org/bot6544963442:AAGQQPLztmWLy_LcZG2jWvqk5HCrtloXvpQ/getUpdates "HTTP/1.1 200 OK"
2023-12-21 22:04:35,096 - httpx - INFO - HTTP Request: POST https://api.telegram.org/bot6544963442:AAGQQPLztmWLy_LcZG2jWvqk5HCrtloXvpQ/getUpdates "HTTP/1.1 200 OK"
2023-12-21 22:04:45,221 - httpx - INFO - HTTP Request: POST https://api.telegram.org/bot6544963442:AAGQQPLztmWLy_LcZG2jWvqk5HCrtloXvpQ/getUpdates "HTTP/1.1 200 OK"
2023-12-21 22:04:55,345 - httpx - INFO - HTTP Request: POST https://api.telegram.org/bot6544963442:AAGQQPLztmWLy_LcZG2jWvqk5HCrtloXvpQ/getUpdates "HTTP/1.1 200 OK"
2023-12-21 22:05:05,466 - httpx - INFO - HTTP Request: POST https://api.telegram.org/bot6544963442:AAGQQPLztmWLy_LcZG2jWvqk5HCrtloXvpQ/getUpdates "HTTP/1.1 200 OK"
2023-12-21 22:05:15,588 - httpx - INFO - HTTP Request: POST https://api.telegram.org/bot6544963442:AAGQQPLztmWLy_LcZG2jWvqk5HCrtloXvpQ/getUpdates "HTTP/1.1 200 OK"
2023-12-21 22:05:25,707 - httpx - INFO - HTTP Request: POST https://api.telegram.org/bot6544963442:AAGQQPLztmWLy_LcZG2jWvqk5HCrtloXvpQ/getUpdates "HTTP/1.1 200 OK"
2023-12-21 22:05:35,839 - httpx - INFO - HTTP Request: POST https://api.telegram.org/bot6544963442:AAGQQPLztmWLy_LcZG2jWvqk5HCrtloXvpQ/getUpdates "HTTP/1.1 200 OK"
2023-12-21 22:05:45,967 - httpx - INFO - HTTP Request: POST https://api.telegram.org/bot6544963442:AAGQQPLztmWLy_LcZG2jWvqk5HCrtloXvpQ/getUpdates "HTTP/1.1 200 OK"
2023-12-21 22:05:56,089 - httpx - INFO - HTTP Request: POST https://api.telegram.org/bot6544963442:AAGQQPLztmWLy_LcZG2jWvqk5HCrtloXvpQ/getUpdates "HTTP/1.1 200 OK"
2023-12-21 22:06:06,205 - httpx - INFO - HTTP Request: POST https://api.telegram.org/bot6544963442:AAGQQPLztmWLy_LcZG2jWvqk5HCrtloXvpQ/getUpdates "HTTP/1.1 200 OK"
2023-12-21 22:06:16,320 - httpx - INFO - HTTP Request: POST https://api.telegram.org/bot6544963442:AAGQQPLztmWLy_LcZG2jWvqk5HCrtloXvpQ/getUpdates "HTTP/1.1 200 OK"
2023-12-21 22:06:26,448 - httpx - INFO - HTTP Request: POST https://api.telegram.org/bot6544963442:AAGQQPLztmWLy_LcZG2jWvqk5HCrtloXvpQ/getUpdates "HTTP/1.1 200 OK"
2023-12-21 22:06:36,571 - httpx - INFO - HTTP Request: POST https://api.telegram.org/bot6544963442:AAGQQPLztmWLy_LcZG2jWvqk5HCrtloXvpQ/getUpdates "HTTP/1.1 200 OK"
2023-12-21 22:06:46,696 - httpx - INFO - HTTP Request: POST https://api.telegram.org/bot6544963442:AAGQQPLztmWLy_LcZG2jWvqk5HCrtloXvpQ/getUpdates "HTTP/1.1 200 OK"
2023-12-21 22:06:56,820 - httpx - INFO - HTTP Request: POST https://api.telegram.org/bot6544963442:AAGQQPLztmWLy_LcZG2jWvqk5HCrtloXvpQ/getUpdates "HTTP/1.1 200 OK"
2023-12-21 22:07:06,940 - httpx - INFO - HTTP Request: POST https://api.telegram.org/bot6544963442:AAGQQPLztmWLy_LcZG2jWvqk5HCrtloXvpQ/getUpdates "HTTP/1.1 200 OK"
2023-12-21 22:07:17,075 - httpx - INFO - HTTP Request: POST https://api.telegram.org/bot6544963442:AAGQQPLztmWLy_LcZG2jWvqk5HCrtloXvpQ/getUpdates "HTTP/1.1 200 OK"
2023-12-21 22:07:27,198 - httpx - INFO - HTTP Request: POST https://api.telegram.org/bot6544963442:AAGQQPLztmWLy_LcZG2jWvqk5HCrtloXvpQ/getUpdates "HTTP/1.1 200 OK"
2023-12-21 22:07:37,326 - httpx - INFO - HTTP Request: POST https://api.telegram.org/bot6544963442:AAGQQPLztmWLy_LcZG2jWvqk5HCrtloXvpQ/getUpdates "HTTP/1.1 200 OK"
2023-12-21 22:07:47,469 - httpx - INFO - HTTP Request: POST https://api.telegram.org/bot6544963442:AAGQQPLztmWLy_LcZG2jWvqk5HCrtloXvpQ/getUpdates "HTTP/1.1 200 OK"
2023-12-21 22:07:57,605 - httpx - INFO - HTTP Request: POST https://api.telegram.org/bot6544963442:AAGQQPLztmWLy_LcZG2jWvqk5HCrtloXvpQ/getUpdates "HTTP/1.1 200 OK"
2023-12-21 22:08:07,724 - httpx - INFO - HTTP Request: POST https://api.telegram.org/bot6544963442:AAGQQPLztmWLy_LcZG2jWvqk5HCrtloXvpQ/getUpdates "HTTP/1.1 200 OK"
2023-12-21 22:08:17,850 - httpx - INFO - HTTP Request: POST https://api.telegram.org/bot6544963442:AAGQQPLztmWLy_LcZG2jWvqk5HCrtloXvpQ/getUpdates "HTTP/1.1 200 OK"
2023-12-21 22:08:27,977 - httpx - INFO - HTTP Request: POST https://api.telegram.org/bot6544963442:AAGQQPLztmWLy_LcZG2jWvqk5HCrtloXvpQ/getUpdates "HTTP/1.1 200 OK"
2023-12-21 22:08:38,102 - httpx - INFO - HTTP Request: POST https://api.telegram.org/bot6544963442:AAGQQPLztmWLy_LcZG2jWvqk5HCrtloXvpQ/getUpdates "HTTP/1.1 200 OK"
2023-12-21 22:08:48,231 - httpx - INFO - HTTP Request: POST https://api.telegram.org/bot6544963442:AAGQQPLztmWLy_LcZG2jWvqk5HCrtloXvpQ/getUpdates "HTTP/1.1 200 OK"
2023-12-21 22:08:58,352 - httpx - INFO - HTTP Request: POST https://api.telegram.org/bot6544963442:AAGQQPLztmWLy_LcZG2jWvqk5HCrtloXvpQ/getUpdates "HTTP/1.1 200 OK"
2023-12-21 22:09:08,473 - httpx - INFO - HTTP Request: POST https://api.telegram.org/bot6544963442:AAGQQPLztmWLy_LcZG2jWvqk5HCrtloXvpQ/getUpdates "HTTP/1.1 200 OK"
2023-12-21 22:09:19,870 - httpx - INFO - HTTP Request: POST https://api.telegram.org/bot6544963442:AAGQQPLztmWLy_LcZG2jWvqk5HCrtloXvpQ/getUpdates "HTTP/1.1 200 OK"
2023-12-21 22:09:30,004 - httpx - INFO - HTTP Request: POST https://api.telegram.org/bot6544963442:AAGQQPLztmWLy_LcZG2jWvqk5HCrtloXvpQ/getUpdates "HTTP/1.1 200 OK"
2023-12-21 22:09:40,124 - httpx - INFO - HTTP Request: POST https://api.telegram.org/bot6544963442:AAGQQPLztmWLy_LcZG2jWvqk5HCrtloXvpQ/getUpdates "HTTP/1.1 200 OK"
2023-12-21 22:09:50,253 - httpx - INFO - HTTP Request: POST https://api.telegram.org/bot6544963442:AAGQQPLztmWLy_LcZG2jWvqk5HCrtloXvpQ/getUpdates "HTTP/1.1 200 OK"
2023-12-21 22:10:00,376 - httpx - INFO - HTTP Request: POST https://api.telegram.org/bot6544963442:AAGQQPLztmWLy_LcZG2jWvqk5HCrtloXvpQ/getUpdates "HTTP/1.1 200 OK"
2023-12-21 22:10:10,505 - httpx - INFO - HTTP Request: POST https://api.telegram.org/bot6544963442:AAGQQPLztmWLy_LcZG2jWvqk5HCrtloXvpQ/getUpdates "HTTP/1.1 200 OK"
2023-12-21 22:10:20,625 - httpx - INFO - HTTP Request: POST https://api.telegram.org/bot6544963442:AAGQQPLztmWLy_LcZG2jWvqk5HCrtloXvpQ/getUpdates "HTTP/1.1 200 OK"
2023-12-21 22:10:30,751 - httpx - INFO - HTTP Request: POST https://api.telegram.org/bot6544963442:AAGQQPLztmWLy_LcZG2jWvqk5HCrtloXvpQ/getUpdates "HTTP/1.1 200 OK"
2023-12-21 22:10:40,888 - httpx - INFO - HTTP Request: POST https://api.telegram.org/bot6544963442:AAGQQPLztmWLy_LcZG2jWvqk5HCrtloXvpQ/getUpdates "HTTP/1.1 200 OK"
2023-12-21 22:10:51,015 - httpx - INFO - HTTP Request: POST https://api.telegram.org/bot6544963442:AAGQQPLztmWLy_LcZG2jWvqk5HCrtloXvpQ/getUpdates "HTTP/1.1 200 OK"
2023-12-21 22:11:01,186 - httpx - INFO - HTTP Request: POST https://api.telegram.org/bot6544963442:AAGQQPLztmWLy_LcZG2jWvqk5HCrtloXvpQ/getUpdates "HTTP/1.1 200 OK"
2023-12-21 22:11:11,316 - httpx - INFO - HTTP Request: POST https://api.telegram.org/bot6544963442:AAGQQPLztmWLy_LcZG2jWvqk5HCrtloXvpQ/getUpdates "HTTP/1.1 200 OK"
2023-12-21 22:11:21,445 - httpx - INFO - HTTP Request: POST https://api.telegram.org/bot6544963442:AAGQQPLztmWLy_LcZG2jWvqk5HCrtloXvpQ/getUpdates "HTTP/1.1 200 OK"
2023-12-21 22:11:31,601 - httpx - INFO - HTTP Request: POST https://api.telegram.org/bot6544963442:AAGQQPLztmWLy_LcZG2jWvqk5HCrtloXvpQ/getUpdates "HTTP/1.1 200 OK"
2023-12-21 22:11:41,719 - httpx - INFO - HTTP Request: POST https://api.telegram.org/bot6544963442:AAGQQPLztmWLy_LcZG2jWvqk5HCrtloXvpQ/getUpdates "HTTP/1.1 200 OK"
2023-12-21 22:11:51,846 - httpx - INFO - HTTP Request: POST https://api.telegram.org/bot6544963442:AAGQQPLztmWLy_LcZG2jWvqk5HCrtloXvpQ/getUpdates "HTTP/1.1 200 OK"
2023-12-21 22:12:01,967 - httpx - INFO - HTTP Request: POST https://api.telegram.org/bot6544963442:AAGQQPLztmWLy_LcZG2jWvqk5HCrtloXvpQ/getUpdates "HTTP/1.1 200 OK"
2023-12-21 22:12:12,088 - httpx - INFO - HTTP Request: POST https://api.telegram.org/bot6544963442:AAGQQPLztmWLy_LcZG2jWvqk5HCrtloXvpQ/getUpdates "HTTP/1.1 200 OK"
2023-12-21 22:12:22,208 - httpx - INFO - HTTP Request: POST https://api.telegram.org/bot6544963442:AAGQQPLztmWLy_LcZG2jWvqk5HCrtloXvpQ/getUpdates "HTTP/1.1 200 OK"
2023-12-21 22:12:32,324 - httpx - INFO - HTTP Request: POST https://api.telegram.org/bot6544963442:AAGQQPLztmWLy_LcZG2jWvqk5HCrtloXvpQ/getUpdates "HTTP/1.1 200 OK"
2023-12-21 22:12:42,442 - httpx - INFO - HTTP Request: POST https://api.telegram.org/bot6544963442:AAGQQPLztmWLy_LcZG2jWvqk5HCrtloXvpQ/getUpdates "HTTP/1.1 200 OK"
2023-12-21 22:12:52,568 - httpx - INFO - HTTP Request: POST https://api.telegram.org/bot6544963442:AAGQQPLztmWLy_LcZG2jWvqk5HCrtloXvpQ/getUpdates "HTTP/1.1 200 OK"
2023-12-21 22:13:02,700 - httpx - INFO - HTTP Request: POST https://api.telegram.org/bot6544963442:AAGQQPLztmWLy_LcZG2jWvqk5HCrtloXvpQ/getUpdates "HTTP/1.1 200 OK"
2023-12-21 22:13:12,821 - httpx - INFO - HTTP Request: POST https://api.telegram.org/bot6544963442:AAGQQPLztmWLy_LcZG2jWvqk5HCrtloXvpQ/getUpdates "HTTP/1.1 200 OK"
2023-12-21 22:13:22,943 - httpx - INFO - HTTP Request: POST https://api.telegram.org/bot6544963442:AAGQQPLztmWLy_LcZG2jWvqk5HCrtloXvpQ/getUpdates "HTTP/1.1 200 OK"
2023-12-21 22:13:33,077 - httpx - INFO - HTTP Request: POST https://api.telegram.org/bot6544963442:AAGQQPLztmWLy_LcZG2jWvqk5HCrtloXvpQ/getUpdates "HTTP/1.1 200 OK"
2023-12-21 22:13:43,199 - httpx - INFO - HTTP Request: POST https://api.telegram.org/bot6544963442:AAGQQPLztmWLy_LcZG2jWvqk5HCrtloXvpQ/getUpdates "HTTP/1.1 200 OK"
2023-12-21 22:13:53,335 - httpx - INFO - HTTP Request: POST https://api.telegram.org/bot6544963442:AAGQQPLztmWLy_LcZG2jWvqk5HCrtloXvpQ/getUpdates "HTTP/1.1 200 OK"
2023-12-21 22:14:03,461 - httpx - INFO - HTTP Request: POST https://api.telegram.org/bot6544963442:AAGQQPLztmWLy_LcZG2jWvqk5HCrtloXvpQ/getUpdates "HTTP/1.1 200 OK"
2023-12-21 22:14:13,589 - httpx - INFO - HTTP Request: POST https://api.telegram.org/bot6544963442:AAGQQPLztmWLy_LcZG2jWvqk5HCrtloXvpQ/getUpdates "HTTP/1.1 200 OK"
2023-12-21 22:14:23,715 - httpx - INFO - HTTP Request: POST https://api.telegram.org/bot6544963442:AAGQQPLztmWLy_LcZG2jWvqk5HCrtloXvpQ/getUpdates "HTTP/1.1 200 OK"
2023-12-21 22:14:33,831 - httpx - INFO - HTTP Request: POST https://api.telegram.org/bot6544963442:AAGQQPLztmWLy_LcZG2jWvqk5HCrtloXvpQ/getUpdates "HTTP/1.1 200 OK"
2023-12-21 22:14:43,955 - httpx - INFO - HTTP Request: POST https://api.telegram.org/bot6544963442:AAGQQPLztmWLy_LcZG2jWvqk5HCrtloXvpQ/getUpdates "HTTP/1.1 200 OK"
2023-12-21 22:14:54,078 - httpx - INFO - HTTP Request: POST https://api.telegram.org/bot6544963442:AAGQQPLztmWLy_LcZG2jWvqk5HCrtloXvpQ/getUpdates "HTTP/1.1 200 OK"
2023-12-21 22:15:04,269 - httpx - INFO - HTTP Request: POST https://api.telegram.org/bot6544963442:AAGQQPLztmWLy_LcZG2jWvqk5HCrtloXvpQ/getUpdates "HTTP/1.1 200 OK"
2023-12-21 22:15:14,414 - httpx - INFO - HTTP Request: POST https://api.telegram.org/bot6544963442:AAGQQPLztmWLy_LcZG2jWvqk5HCrtloXvpQ/getUpdates "HTTP/1.1 200 OK"
2023-12-21 22:15:24,532 - httpx - INFO - HTTP Request: POST https://api.telegram.org/bot6544963442:AAGQQPLztmWLy_LcZG2jWvqk5HCrtloXvpQ/getUpdates "HTTP/1.1 200 OK"
2023-12-21 22:15:34,653 - httpx - INFO - HTTP Request: POST https://api.telegram.org/bot6544963442:AAGQQPLztmWLy_LcZG2jWvqk5HCrtloXvpQ/getUpdates "HTTP/1.1 200 OK"
2023-12-21 22:15:44,771 - httpx - INFO - HTTP Request: POST https://api.telegram.org/bot6544963442:AAGQQPLztmWLy_LcZG2jWvqk5HCrtloXvpQ/getUpdates "HTTP/1.1 200 OK"
2023-12-21 22:15:54,891 - httpx - INFO - HTTP Request: POST https://api.telegram.org/bot6544963442:AAGQQPLztmWLy_LcZG2jWvqk5HCrtloXvpQ/getUpdates "HTTP/1.1 200 OK"
2023-12-21 22:16:05,012 - httpx - INFO - HTTP Request: POST https://api.telegram.org/bot6544963442:AAGQQPLztmWLy_LcZG2jWvqk5HCrtloXvpQ/getUpdates "HTTP/1.1 200 OK"
2023-12-21 22:16:15,149 - httpx - INFO - HTTP Request: POST https://api.telegram.org/bot6544963442:AAGQQPLztmWLy_LcZG2jWvqk5HCrtloXvpQ/getUpdates "HTTP/1.1 200 OK"
2023-12-21 22:16:25,272 - httpx - INFO - HTTP Request: POST https://api.telegram.org/bot6544963442:AAGQQPLztmWLy_LcZG2jWvqk5HCrtloXvpQ/getUpdates "HTTP/1.1 200 OK"
2023-12-21 22:16:35,393 - httpx - INFO - HTTP Request: POST https://api.telegram.org/bot6544963442:AAGQQPLztmWLy_LcZG2jWvqk5HCrtloXvpQ/getUpdates "HTTP/1.1 200 OK"
2023-12-21 22:16:45,529 - httpx - INFO - HTTP Request: POST https://api.telegram.org/bot6544963442:AAGQQPLztmWLy_LcZG2jWvqk5HCrtloXvpQ/getUpdates "HTTP/1.1 200 OK"
2023-12-21 22:16:55,655 - httpx - INFO - HTTP Request: POST https://api.telegram.org/bot6544963442:AAGQQPLztmWLy_LcZG2jWvqk5HCrtloXvpQ/getUpdates "HTTP/1.1 200 OK"
2023-12-21 22:17:05,783 - httpx - INFO - HTTP Request: POST https://api.telegram.org/bot6544963442:AAGQQPLztmWLy_LcZG2jWvqk5HCrtloXvpQ/getUpdates "HTTP/1.1 200 OK"
2023-12-21 22:17:15,906 - httpx - INFO - HTTP Request: POST https://api.telegram.org/bot6544963442:AAGQQPLztmWLy_LcZG2jWvqk5HCrtloXvpQ/getUpdates "HTTP/1.1 200 OK"
2023-12-21 22:17:26,034 - httpx - INFO - HTTP Request: POST https://api.telegram.org/bot6544963442:AAGQQPLztmWLy_LcZG2jWvqk5HCrtloXvpQ/getUpdates "HTTP/1.1 200 OK"
2023-12-21 22:17:36,149 - httpx - INFO - HTTP Request: POST https://api.telegram.org/bot6544963442:AAGQQPLztmWLy_LcZG2jWvqk5HCrtloXvpQ/getUpdates "HTTP/1.1 200 OK"
2023-12-21 22:17:46,544 - httpx - INFO - HTTP Request: POST https://api.telegram.org/bot6544963442:AAGQQPLztmWLy_LcZG2jWvqk5HCrtloXvpQ/getUpdates "HTTP/1.1 200 OK"
2023-12-21 22:17:56,663 - httpx - INFO - HTTP Request: POST https://api.telegram.org/bot6544963442:AAGQQPLztmWLy_LcZG2jWvqk5HCrtloXvpQ/getUpdates "HTTP/1.1 200 OK"
2023-12-21 22:18:03,985 - httpx - INFO - HTTP Request: POST https://api.telegram.org/bot6544963442:AAGQQPLztmWLy_LcZG2jWvqk5HCrtloXvpQ/getUpdates "HTTP/1.1 200 OK"
2023-12-21 22:18:03,986 - telegram.ext.Application - INFO - Application is stopping. This might take a moment.
2023-12-21 22:18:03,987 - apscheduler.scheduler - INFO - Scheduler has been shut down
2023-12-21 22:18:03,987 - telegram.ext.Application - INFO - Application.stop() complete
2023-12-21 22:21:21,261 - tools.commands - INFO - GameBot Init completed
2023-12-21 22:21:21,680 - httpx - INFO - HTTP Request: POST https://api.telegram.org/bot6544963442:AAGQQPLztmWLy_LcZG2jWvqk5HCrtloXvpQ/getMe "HTTP/1.1 200 OK"
2023-12-21 22:21:21,799 - httpx - INFO - HTTP Request: POST https://api.telegram.org/bot6544963442:AAGQQPLztmWLy_LcZG2jWvqk5HCrtloXvpQ/deleteWebhook "HTTP/1.1 200 OK"
2023-12-21 22:21:21,801 - apscheduler.scheduler - INFO - Scheduler started
2023-12-21 22:21:21,801 - telegram.ext.Application - INFO - Application started
2023-12-21 22:21:32,161 - httpx - INFO - HTTP Request: POST https://api.telegram.org/bot6544963442:AAGQQPLztmWLy_LcZG2jWvqk5HCrtloXvpQ/getUpdates "HTTP/1.1 200 OK"
2023-12-21 22:21:35,210 - httpx - INFO - HTTP Request: POST https://api.telegram.org/bot6544963442:AAGQQPLztmWLy_LcZG2jWvqk5HCrtloXvpQ/getUpdates "HTTP/1.1 200 OK"
2023-12-21 22:21:35,221 - apscheduler.scheduler - INFO - Added job "alarm_589482925" to job store "default"
2023-12-21 22:21:35,222 - telegram.ext.Application - ERROR - No error handlers are registered, logging exception.
Traceback (most recent call last):
  File "G:\My Drive\Projects\env_telegram_bot\Lib\site-packages\telegram\ext\_application.py", line 1234, in process_update
    await coroutine
  File "G:\My Drive\Projects\env_telegram_bot\Lib\site-packages\telegram\ext\_basehandler.py", line 157, in handle_update
    return await self.callback(update, context)
           ^^^^^^^^^^^^^^^^^^^^^^^^^^^^^^^^^^^^
  File "G:\My Drive\Projects\telegram_bot\SlapCardTelegramBot\tools\commands.py", line 90, in start_enroll
    self.game = SlapCard()
                ^^^^^^^^^^
  File "G:\My Drive\Projects\telegram_bot\SlapCardTelegramBot\tools\slap_card.py", line 36, in __init__
    self.hands = [[] for x in range(self.players)]
                              ^^^^^^^^^^^^^^^^^^^
TypeError: 'NoneType' object cannot be interpreted as an integer
2023-12-21 22:21:39,009 - httpx - INFO - HTTP Request: POST https://api.telegram.org/bot6544963442:AAGQQPLztmWLy_LcZG2jWvqk5HCrtloXvpQ/getUpdates "HTTP/1.1 200 OK"
2023-12-21 22:21:39,011 - tools.commands - INFO - 589482925 enrolled.
2023-12-21 22:21:39,012 - telegram.ext.Application - ERROR - No error handlers are registered, logging exception.
Traceback (most recent call last):
  File "G:\My Drive\Projects\env_telegram_bot\Lib\site-packages\telegram\ext\_application.py", line 1234, in process_update
    await coroutine
  File "G:\My Drive\Projects\env_telegram_bot\Lib\site-packages\telegram\ext\_basehandler.py", line 157, in handle_update
    return await self.callback(update, context)
           ^^^^^^^^^^^^^^^^^^^^^^^^^^^^^^^^^^^^
  File "G:\My Drive\Projects\telegram_bot\SlapCardTelegramBot\tools\commands.py", line 121, in join
    if self.game.enrolled.get(update.message.from_user.id) == None :
       ^^^^^^^^^^^^^^^^^^
AttributeError: 'NoneType' object has no attribute 'enrolled'
2023-12-21 22:21:49,140 - httpx - INFO - HTTP Request: POST https://api.telegram.org/bot6544963442:AAGQQPLztmWLy_LcZG2jWvqk5HCrtloXvpQ/getUpdates "HTTP/1.1 200 OK"
2023-12-21 22:21:59,258 - httpx - INFO - HTTP Request: POST https://api.telegram.org/bot6544963442:AAGQQPLztmWLy_LcZG2jWvqk5HCrtloXvpQ/getUpdates "HTTP/1.1 200 OK"
2023-12-21 22:22:00,226 - apscheduler.scheduler - INFO - Removed job 9c5e15ff75b6455fbc49a6a364b8a498
2023-12-21 22:22:00,226 - apscheduler.executors.default - INFO - Running job "alarm_589482925 (trigger: date[2023-12-22 03:22:00 UTC], next run at: 2023-12-22 03:22:00 UTC)" (scheduled at 2023-12-22 03:22:00.213188+00:00)
2023-12-21 22:22:00,227 - telegram.ext.Application - ERROR - No error handlers are registered, logging exception.
Traceback (most recent call last):
  File "G:\My Drive\Projects\env_telegram_bot\Lib\site-packages\telegram\ext\_jobqueue.py", line 940, in _run
    await self.callback(context)
  File "G:\My Drive\Projects\telegram_bot\SlapCardTelegramBot\tools\commands.py", line 55, in alarm
    chat_message = f'Enrollment over. The game will begin shortly.\nPlayers enrolled : {self.game.enrolled.keys()}'
                                                                                        ^^^^^^^^^^^^^^^^^^
AttributeError: 'NoneType' object has no attribute 'enrolled'
2023-12-21 22:22:00,248 - apscheduler.executors.default - INFO - Job "alarm_589482925 (trigger: date[2023-12-22 03:22:00 UTC], next run at: 2023-12-22 03:22:00 UTC)" executed successfully
2023-12-21 22:22:09,375 - httpx - INFO - HTTP Request: POST https://api.telegram.org/bot6544963442:AAGQQPLztmWLy_LcZG2jWvqk5HCrtloXvpQ/getUpdates "HTTP/1.1 200 OK"
2023-12-21 22:22:19,496 - httpx - INFO - HTTP Request: POST https://api.telegram.org/bot6544963442:AAGQQPLztmWLy_LcZG2jWvqk5HCrtloXvpQ/getUpdates "HTTP/1.1 200 OK"
2023-12-21 22:22:29,620 - httpx - INFO - HTTP Request: POST https://api.telegram.org/bot6544963442:AAGQQPLztmWLy_LcZG2jWvqk5HCrtloXvpQ/getUpdates "HTTP/1.1 200 OK"
2023-12-21 22:22:39,741 - httpx - INFO - HTTP Request: POST https://api.telegram.org/bot6544963442:AAGQQPLztmWLy_LcZG2jWvqk5HCrtloXvpQ/getUpdates "HTTP/1.1 200 OK"
2023-12-21 22:22:49,863 - httpx - INFO - HTTP Request: POST https://api.telegram.org/bot6544963442:AAGQQPLztmWLy_LcZG2jWvqk5HCrtloXvpQ/getUpdates "HTTP/1.1 200 OK"
2023-12-21 22:22:59,981 - httpx - INFO - HTTP Request: POST https://api.telegram.org/bot6544963442:AAGQQPLztmWLy_LcZG2jWvqk5HCrtloXvpQ/getUpdates "HTTP/1.1 200 OK"
2023-12-21 22:23:10,098 - httpx - INFO - HTTP Request: POST https://api.telegram.org/bot6544963442:AAGQQPLztmWLy_LcZG2jWvqk5HCrtloXvpQ/getUpdates "HTTP/1.1 200 OK"
2023-12-21 22:23:20,232 - httpx - INFO - HTTP Request: POST https://api.telegram.org/bot6544963442:AAGQQPLztmWLy_LcZG2jWvqk5HCrtloXvpQ/getUpdates "HTTP/1.1 200 OK"
2023-12-21 22:23:30,364 - httpx - INFO - HTTP Request: POST https://api.telegram.org/bot6544963442:AAGQQPLztmWLy_LcZG2jWvqk5HCrtloXvpQ/getUpdates "HTTP/1.1 200 OK"
2023-12-21 22:23:40,480 - httpx - INFO - HTTP Request: POST https://api.telegram.org/bot6544963442:AAGQQPLztmWLy_LcZG2jWvqk5HCrtloXvpQ/getUpdates "HTTP/1.1 200 OK"
2023-12-21 22:23:50,602 - httpx - INFO - HTTP Request: POST https://api.telegram.org/bot6544963442:AAGQQPLztmWLy_LcZG2jWvqk5HCrtloXvpQ/getUpdates "HTTP/1.1 200 OK"
2023-12-21 22:24:00,726 - httpx - INFO - HTTP Request: POST https://api.telegram.org/bot6544963442:AAGQQPLztmWLy_LcZG2jWvqk5HCrtloXvpQ/getUpdates "HTTP/1.1 200 OK"
2023-12-21 22:24:10,853 - httpx - INFO - HTTP Request: POST https://api.telegram.org/bot6544963442:AAGQQPLztmWLy_LcZG2jWvqk5HCrtloXvpQ/getUpdates "HTTP/1.1 200 OK"
2023-12-21 22:24:21,351 - httpx - INFO - HTTP Request: POST https://api.telegram.org/bot6544963442:AAGQQPLztmWLy_LcZG2jWvqk5HCrtloXvpQ/getUpdates "HTTP/1.1 200 OK"
2023-12-21 22:24:31,484 - httpx - INFO - HTTP Request: POST https://api.telegram.org/bot6544963442:AAGQQPLztmWLy_LcZG2jWvqk5HCrtloXvpQ/getUpdates "HTTP/1.1 200 OK"
2023-12-21 22:24:41,626 - httpx - INFO - HTTP Request: POST https://api.telegram.org/bot6544963442:AAGQQPLztmWLy_LcZG2jWvqk5HCrtloXvpQ/getUpdates "HTTP/1.1 200 OK"
2023-12-21 22:24:51,754 - httpx - INFO - HTTP Request: POST https://api.telegram.org/bot6544963442:AAGQQPLztmWLy_LcZG2jWvqk5HCrtloXvpQ/getUpdates "HTTP/1.1 200 OK"
2023-12-21 22:25:01,884 - httpx - INFO - HTTP Request: POST https://api.telegram.org/bot6544963442:AAGQQPLztmWLy_LcZG2jWvqk5HCrtloXvpQ/getUpdates "HTTP/1.1 200 OK"
2023-12-21 22:25:10,745 - httpx - INFO - HTTP Request: POST https://api.telegram.org/bot6544963442:AAGQQPLztmWLy_LcZG2jWvqk5HCrtloXvpQ/getUpdates "HTTP/1.1 200 OK"
2023-12-21 22:25:10,746 - telegram.ext.Application - INFO - Application is stopping. This might take a moment.
2023-12-21 22:25:10,746 - apscheduler.scheduler - INFO - Scheduler has been shut down
2023-12-21 22:25:10,747 - telegram.ext.Application - INFO - Application.stop() complete
2023-12-21 22:25:16,878 - tools.commands - INFO - GameBot Init completed
2023-12-21 22:25:17,250 - httpx - INFO - HTTP Request: POST https://api.telegram.org/bot6544963442:AAGQQPLztmWLy_LcZG2jWvqk5HCrtloXvpQ/getMe "HTTP/1.1 200 OK"
2023-12-21 22:25:17,368 - httpx - INFO - HTTP Request: POST https://api.telegram.org/bot6544963442:AAGQQPLztmWLy_LcZG2jWvqk5HCrtloXvpQ/deleteWebhook "HTTP/1.1 200 OK"
2023-12-21 22:25:17,370 - apscheduler.scheduler - INFO - Scheduler started
2023-12-21 22:25:17,370 - telegram.ext.Application - INFO - Application started
2023-12-21 22:25:18,707 - httpx - INFO - HTTP Request: POST https://api.telegram.org/bot6544963442:AAGQQPLztmWLy_LcZG2jWvqk5HCrtloXvpQ/getUpdates "HTTP/1.1 200 OK"
2023-12-21 22:25:18,963 - httpx - INFO - HTTP Request: POST https://api.telegram.org/bot6544963442:AAGQQPLztmWLy_LcZG2jWvqk5HCrtloXvpQ/sendMessage "HTTP/1.1 200 OK"
2023-12-21 22:25:21,225 - httpx - INFO - HTTP Request: POST https://api.telegram.org/bot6544963442:AAGQQPLztmWLy_LcZG2jWvqk5HCrtloXvpQ/getUpdates "HTTP/1.1 200 OK"
2023-12-21 22:25:21,235 - apscheduler.scheduler - INFO - Added job "alarm_589482925" to job store "default"
2023-12-21 22:25:21,236 - telegram.ext.Application - ERROR - No error handlers are registered, logging exception.
Traceback (most recent call last):
  File "G:\My Drive\Projects\env_telegram_bot\Lib\site-packages\telegram\ext\_application.py", line 1234, in process_update
    await coroutine
  File "G:\My Drive\Projects\env_telegram_bot\Lib\site-packages\telegram\ext\_basehandler.py", line 157, in handle_update
    return await self.callback(update, context)
           ^^^^^^^^^^^^^^^^^^^^^^^^^^^^^^^^^^^^
  File "G:\My Drive\Projects\telegram_bot\SlapCardTelegramBot\tools\commands.py", line 90, in start_enroll
    self.game = SlapCard()
                ^^^^^^^^^^
  File "G:\My Drive\Projects\telegram_bot\SlapCardTelegramBot\tools\slap_card.py", line 36, in __init__
    self.hands = [[] for x in range(self.players)]
                              ^^^^^^^^^^^^^^^^^^^
TypeError: 'NoneType' object cannot be interpreted as an integer
2023-12-21 22:25:22,449 - httpx - INFO - HTTP Request: POST https://api.telegram.org/bot6544963442:AAGQQPLztmWLy_LcZG2jWvqk5HCrtloXvpQ/getUpdates "HTTP/1.1 200 OK"
2023-12-21 22:25:22,451 - tools.commands - INFO - 589482925 enrolled.
2023-12-21 22:25:22,451 - telegram.ext.Application - ERROR - No error handlers are registered, logging exception.
Traceback (most recent call last):
  File "G:\My Drive\Projects\env_telegram_bot\Lib\site-packages\telegram\ext\_application.py", line 1234, in process_update
    await coroutine
  File "G:\My Drive\Projects\env_telegram_bot\Lib\site-packages\telegram\ext\_basehandler.py", line 157, in handle_update
    return await self.callback(update, context)
           ^^^^^^^^^^^^^^^^^^^^^^^^^^^^^^^^^^^^
  File "G:\My Drive\Projects\telegram_bot\SlapCardTelegramBot\tools\commands.py", line 121, in join
    if self.game.enrolled.get(update.message.from_user.id) == None :
       ^^^^^^^^^^^^^^^^^^
AttributeError: 'NoneType' object has no attribute 'enrolled'
2023-12-21 22:25:31,234 - apscheduler.scheduler - INFO - Removed job 737929a1bbfd440bbbb2205d75dd5afd
2023-12-21 22:25:31,234 - apscheduler.executors.default - INFO - Running job "alarm_589482925 (trigger: date[2023-12-22 03:25:31 UTC], next run at: 2023-12-22 03:25:31 UTC)" (scheduled at 2023-12-22 03:25:31.227092+00:00)
2023-12-21 22:25:31,235 - telegram.ext.Application - ERROR - No error handlers are registered, logging exception.
Traceback (most recent call last):
  File "G:\My Drive\Projects\env_telegram_bot\Lib\site-packages\telegram\ext\_jobqueue.py", line 940, in _run
    await self.callback(context)
  File "G:\My Drive\Projects\telegram_bot\SlapCardTelegramBot\tools\commands.py", line 55, in alarm
    chat_message = f'Enrollment over. The game will begin shortly.\nPlayers enrolled : {self.game.enrolled.keys()}'
                                                                                        ^^^^^^^^^^^^^^^^^^
AttributeError: 'NoneType' object has no attribute 'enrolled'
2023-12-21 22:25:31,255 - apscheduler.executors.default - INFO - Job "alarm_589482925 (trigger: date[2023-12-22 03:25:31 UTC], next run at: 2023-12-22 03:25:31 UTC)" executed successfully
2023-12-21 22:25:32,584 - httpx - INFO - HTTP Request: POST https://api.telegram.org/bot6544963442:AAGQQPLztmWLy_LcZG2jWvqk5HCrtloXvpQ/getUpdates "HTTP/1.1 200 OK"
2023-12-21 22:25:41,809 - tools.commands - INFO - GameBot Init completed
2023-12-21 22:25:42,271 - httpx - INFO - HTTP Request: POST https://api.telegram.org/bot6544963442:AAGQQPLztmWLy_LcZG2jWvqk5HCrtloXvpQ/getMe "HTTP/1.1 200 OK"
2023-12-21 22:25:42,389 - httpx - INFO - HTTP Request: POST https://api.telegram.org/bot6544963442:AAGQQPLztmWLy_LcZG2jWvqk5HCrtloXvpQ/deleteWebhook "HTTP/1.1 200 OK"
2023-12-21 22:25:42,392 - apscheduler.scheduler - INFO - Scheduler started
2023-12-21 22:25:42,392 - telegram.ext.Application - INFO - Application started
2023-12-21 22:25:47,491 - httpx - INFO - HTTP Request: POST https://api.telegram.org/bot6544963442:AAGQQPLztmWLy_LcZG2jWvqk5HCrtloXvpQ/getUpdates "HTTP/1.1 200 OK"
2023-12-21 22:25:47,502 - apscheduler.scheduler - INFO - Added job "alarm_589482925" to job store "default"
2023-12-21 22:25:47,985 - httpx - INFO - HTTP Request: POST https://api.telegram.org/bot6544963442:AAGQQPLztmWLy_LcZG2jWvqk5HCrtloXvpQ/sendMessage "HTTP/1.1 200 OK"
2023-12-21 22:25:49,421 - httpx - INFO - HTTP Request: POST https://api.telegram.org/bot6544963442:AAGQQPLztmWLy_LcZG2jWvqk5HCrtloXvpQ/getUpdates "HTTP/1.1 200 OK"
2023-12-21 22:25:49,423 - tools.commands - INFO - 589482925 enrolled.
2023-12-21 22:25:49,424 - tools.commands - INFO - 589482925 joined!
2023-12-21 22:25:57,501 - apscheduler.scheduler - INFO - Removed job b23acaa2dfa941a79b85455fa2cb3e51
2023-12-21 22:25:57,502 - apscheduler.executors.default - INFO - Running job "alarm_589482925 (trigger: date[2023-12-22 03:25:57 UTC], next run at: 2023-12-22 03:25:57 UTC)" (scheduled at 2023-12-22 03:25:57.493951+00:00)
2023-12-21 22:25:57,994 - httpx - INFO - HTTP Request: POST https://api.telegram.org/bot6544963442:AAGQQPLztmWLy_LcZG2jWvqk5HCrtloXvpQ/sendMessage "HTTP/1.1 200 OK"
2023-12-21 22:25:57,996 - tools.commands - INFO - Enrollment over. The game will begin shortly.
Players enrolled : dict_keys([589482925])
2023-12-21 22:25:57,997 - apscheduler.executors.default - INFO - Job "alarm_589482925 (trigger: date[2023-12-22 03:25:57 UTC], next run at: 2023-12-22 03:25:57 UTC)" executed successfully
2023-12-21 22:25:59,556 - httpx - INFO - HTTP Request: POST https://api.telegram.org/bot6544963442:AAGQQPLztmWLy_LcZG2jWvqk5HCrtloXvpQ/getUpdates "HTTP/1.1 200 OK"
2023-12-21 22:26:09,675 - httpx - INFO - HTTP Request: POST https://api.telegram.org/bot6544963442:AAGQQPLztmWLy_LcZG2jWvqk5HCrtloXvpQ/getUpdates "HTTP/1.1 200 OK"
2023-12-21 22:26:19,812 - httpx - INFO - HTTP Request: POST https://api.telegram.org/bot6544963442:AAGQQPLztmWLy_LcZG2jWvqk5HCrtloXvpQ/getUpdates "HTTP/1.1 200 OK"
2023-12-21 22:26:29,936 - httpx - INFO - HTTP Request: POST https://api.telegram.org/bot6544963442:AAGQQPLztmWLy_LcZG2jWvqk5HCrtloXvpQ/getUpdates "HTTP/1.1 200 OK"
2023-12-21 22:26:40,073 - httpx - INFO - HTTP Request: POST https://api.telegram.org/bot6544963442:AAGQQPLztmWLy_LcZG2jWvqk5HCrtloXvpQ/getUpdates "HTTP/1.1 200 OK"
2023-12-21 22:26:50,207 - httpx - INFO - HTTP Request: POST https://api.telegram.org/bot6544963442:AAGQQPLztmWLy_LcZG2jWvqk5HCrtloXvpQ/getUpdates "HTTP/1.1 200 OK"
2023-12-21 22:27:00,336 - httpx - INFO - HTTP Request: POST https://api.telegram.org/bot6544963442:AAGQQPLztmWLy_LcZG2jWvqk5HCrtloXvpQ/getUpdates "HTTP/1.1 200 OK"
2023-12-21 22:27:10,458 - httpx - INFO - HTTP Request: POST https://api.telegram.org/bot6544963442:AAGQQPLztmWLy_LcZG2jWvqk5HCrtloXvpQ/getUpdates "HTTP/1.1 200 OK"
2023-12-21 22:27:20,597 - httpx - INFO - HTTP Request: POST https://api.telegram.org/bot6544963442:AAGQQPLztmWLy_LcZG2jWvqk5HCrtloXvpQ/getUpdates "HTTP/1.1 200 OK"
2023-12-21 22:27:30,728 - httpx - INFO - HTTP Request: POST https://api.telegram.org/bot6544963442:AAGQQPLztmWLy_LcZG2jWvqk5HCrtloXvpQ/getUpdates "HTTP/1.1 200 OK"
2023-12-21 22:27:40,855 - httpx - INFO - HTTP Request: POST https://api.telegram.org/bot6544963442:AAGQQPLztmWLy_LcZG2jWvqk5HCrtloXvpQ/getUpdates "HTTP/1.1 200 OK"
2023-12-21 22:27:50,988 - httpx - INFO - HTTP Request: POST https://api.telegram.org/bot6544963442:AAGQQPLztmWLy_LcZG2jWvqk5HCrtloXvpQ/getUpdates "HTTP/1.1 200 OK"
2023-12-21 22:28:01,108 - httpx - INFO - HTTP Request: POST https://api.telegram.org/bot6544963442:AAGQQPLztmWLy_LcZG2jWvqk5HCrtloXvpQ/getUpdates "HTTP/1.1 200 OK"
2023-12-21 22:28:11,240 - httpx - INFO - HTTP Request: POST https://api.telegram.org/bot6544963442:AAGQQPLztmWLy_LcZG2jWvqk5HCrtloXvpQ/getUpdates "HTTP/1.1 200 OK"
2023-12-21 22:28:21,368 - httpx - INFO - HTTP Request: POST https://api.telegram.org/bot6544963442:AAGQQPLztmWLy_LcZG2jWvqk5HCrtloXvpQ/getUpdates "HTTP/1.1 200 OK"
2023-12-21 22:28:31,489 - httpx - INFO - HTTP Request: POST https://api.telegram.org/bot6544963442:AAGQQPLztmWLy_LcZG2jWvqk5HCrtloXvpQ/getUpdates "HTTP/1.1 200 OK"
2023-12-21 22:28:41,629 - httpx - INFO - HTTP Request: POST https://api.telegram.org/bot6544963442:AAGQQPLztmWLy_LcZG2jWvqk5HCrtloXvpQ/getUpdates "HTTP/1.1 200 OK"
2023-12-21 22:28:51,760 - httpx - INFO - HTTP Request: POST https://api.telegram.org/bot6544963442:AAGQQPLztmWLy_LcZG2jWvqk5HCrtloXvpQ/getUpdates "HTTP/1.1 200 OK"
2023-12-21 22:29:01,899 - httpx - INFO - HTTP Request: POST https://api.telegram.org/bot6544963442:AAGQQPLztmWLy_LcZG2jWvqk5HCrtloXvpQ/getUpdates "HTTP/1.1 200 OK"
2023-12-21 22:29:12,039 - httpx - INFO - HTTP Request: POST https://api.telegram.org/bot6544963442:AAGQQPLztmWLy_LcZG2jWvqk5HCrtloXvpQ/getUpdates "HTTP/1.1 200 OK"
2023-12-21 22:29:22,180 - httpx - INFO - HTTP Request: POST https://api.telegram.org/bot6544963442:AAGQQPLztmWLy_LcZG2jWvqk5HCrtloXvpQ/getUpdates "HTTP/1.1 200 OK"
2023-12-21 22:29:32,304 - httpx - INFO - HTTP Request: POST https://api.telegram.org/bot6544963442:AAGQQPLztmWLy_LcZG2jWvqk5HCrtloXvpQ/getUpdates "HTTP/1.1 200 OK"
2023-12-21 22:29:42,430 - httpx - INFO - HTTP Request: POST https://api.telegram.org/bot6544963442:AAGQQPLztmWLy_LcZG2jWvqk5HCrtloXvpQ/getUpdates "HTTP/1.1 200 OK"
2023-12-21 22:29:52,560 - httpx - INFO - HTTP Request: POST https://api.telegram.org/bot6544963442:AAGQQPLztmWLy_LcZG2jWvqk5HCrtloXvpQ/getUpdates "HTTP/1.1 200 OK"
2023-12-21 22:30:02,701 - httpx - INFO - HTTP Request: POST https://api.telegram.org/bot6544963442:AAGQQPLztmWLy_LcZG2jWvqk5HCrtloXvpQ/getUpdates "HTTP/1.1 200 OK"
2023-12-21 22:30:12,837 - httpx - INFO - HTTP Request: POST https://api.telegram.org/bot6544963442:AAGQQPLztmWLy_LcZG2jWvqk5HCrtloXvpQ/getUpdates "HTTP/1.1 200 OK"
2023-12-21 22:30:23,021 - httpx - INFO - HTTP Request: POST https://api.telegram.org/bot6544963442:AAGQQPLztmWLy_LcZG2jWvqk5HCrtloXvpQ/getUpdates "HTTP/1.1 200 OK"
2023-12-21 22:30:33,182 - httpx - INFO - HTTP Request: POST https://api.telegram.org/bot6544963442:AAGQQPLztmWLy_LcZG2jWvqk5HCrtloXvpQ/getUpdates "HTTP/1.1 200 OK"
2023-12-21 22:30:43,314 - httpx - INFO - HTTP Request: POST https://api.telegram.org/bot6544963442:AAGQQPLztmWLy_LcZG2jWvqk5HCrtloXvpQ/getUpdates "HTTP/1.1 200 OK"
2023-12-21 22:30:53,442 - httpx - INFO - HTTP Request: POST https://api.telegram.org/bot6544963442:AAGQQPLztmWLy_LcZG2jWvqk5HCrtloXvpQ/getUpdates "HTTP/1.1 200 OK"
2023-12-21 22:31:03,581 - httpx - INFO - HTTP Request: POST https://api.telegram.org/bot6544963442:AAGQQPLztmWLy_LcZG2jWvqk5HCrtloXvpQ/getUpdates "HTTP/1.1 200 OK"
2023-12-21 22:31:13,773 - httpx - INFO - HTTP Request: POST https://api.telegram.org/bot6544963442:AAGQQPLztmWLy_LcZG2jWvqk5HCrtloXvpQ/getUpdates "HTTP/1.1 200 OK"
2023-12-21 22:31:23,915 - httpx - INFO - HTTP Request: POST https://api.telegram.org/bot6544963442:AAGQQPLztmWLy_LcZG2jWvqk5HCrtloXvpQ/getUpdates "HTTP/1.1 200 OK"
2023-12-21 22:31:34,041 - httpx - INFO - HTTP Request: POST https://api.telegram.org/bot6544963442:AAGQQPLztmWLy_LcZG2jWvqk5HCrtloXvpQ/getUpdates "HTTP/1.1 200 OK"
2023-12-21 22:31:44,163 - httpx - INFO - HTTP Request: POST https://api.telegram.org/bot6544963442:AAGQQPLztmWLy_LcZG2jWvqk5HCrtloXvpQ/getUpdates "HTTP/1.1 200 OK"
2023-12-21 22:31:54,295 - httpx - INFO - HTTP Request: POST https://api.telegram.org/bot6544963442:AAGQQPLztmWLy_LcZG2jWvqk5HCrtloXvpQ/getUpdates "HTTP/1.1 200 OK"
2023-12-21 22:32:04,424 - httpx - INFO - HTTP Request: POST https://api.telegram.org/bot6544963442:AAGQQPLztmWLy_LcZG2jWvqk5HCrtloXvpQ/getUpdates "HTTP/1.1 200 OK"
2023-12-21 22:32:14,544 - httpx - INFO - HTTP Request: POST https://api.telegram.org/bot6544963442:AAGQQPLztmWLy_LcZG2jWvqk5HCrtloXvpQ/getUpdates "HTTP/1.1 200 OK"
2023-12-21 22:32:24,676 - httpx - INFO - HTTP Request: POST https://api.telegram.org/bot6544963442:AAGQQPLztmWLy_LcZG2jWvqk5HCrtloXvpQ/getUpdates "HTTP/1.1 200 OK"
2023-12-21 22:32:34,801 - httpx - INFO - HTTP Request: POST https://api.telegram.org/bot6544963442:AAGQQPLztmWLy_LcZG2jWvqk5HCrtloXvpQ/getUpdates "HTTP/1.1 200 OK"
2023-12-21 22:32:44,934 - httpx - INFO - HTTP Request: POST https://api.telegram.org/bot6544963442:AAGQQPLztmWLy_LcZG2jWvqk5HCrtloXvpQ/getUpdates "HTTP/1.1 200 OK"
2023-12-21 22:32:55,064 - httpx - INFO - HTTP Request: POST https://api.telegram.org/bot6544963442:AAGQQPLztmWLy_LcZG2jWvqk5HCrtloXvpQ/getUpdates "HTTP/1.1 200 OK"
2023-12-21 22:33:05,196 - httpx - INFO - HTTP Request: POST https://api.telegram.org/bot6544963442:AAGQQPLztmWLy_LcZG2jWvqk5HCrtloXvpQ/getUpdates "HTTP/1.1 200 OK"
2023-12-21 22:33:15,328 - httpx - INFO - HTTP Request: POST https://api.telegram.org/bot6544963442:AAGQQPLztmWLy_LcZG2jWvqk5HCrtloXvpQ/getUpdates "HTTP/1.1 200 OK"
2023-12-21 22:33:25,455 - httpx - INFO - HTTP Request: POST https://api.telegram.org/bot6544963442:AAGQQPLztmWLy_LcZG2jWvqk5HCrtloXvpQ/getUpdates "HTTP/1.1 200 OK"
2023-12-21 22:33:35,575 - httpx - INFO - HTTP Request: POST https://api.telegram.org/bot6544963442:AAGQQPLztmWLy_LcZG2jWvqk5HCrtloXvpQ/getUpdates "HTTP/1.1 200 OK"
2023-12-21 22:33:45,695 - httpx - INFO - HTTP Request: POST https://api.telegram.org/bot6544963442:AAGQQPLztmWLy_LcZG2jWvqk5HCrtloXvpQ/getUpdates "HTTP/1.1 200 OK"
2023-12-21 22:33:55,826 - httpx - INFO - HTTP Request: POST https://api.telegram.org/bot6544963442:AAGQQPLztmWLy_LcZG2jWvqk5HCrtloXvpQ/getUpdates "HTTP/1.1 200 OK"
2023-12-21 22:34:05,950 - httpx - INFO - HTTP Request: POST https://api.telegram.org/bot6544963442:AAGQQPLztmWLy_LcZG2jWvqk5HCrtloXvpQ/getUpdates "HTTP/1.1 200 OK"
2023-12-21 22:34:16,079 - httpx - INFO - HTTP Request: POST https://api.telegram.org/bot6544963442:AAGQQPLztmWLy_LcZG2jWvqk5HCrtloXvpQ/getUpdates "HTTP/1.1 200 OK"
2023-12-21 22:34:26,206 - httpx - INFO - HTTP Request: POST https://api.telegram.org/bot6544963442:AAGQQPLztmWLy_LcZG2jWvqk5HCrtloXvpQ/getUpdates "HTTP/1.1 200 OK"
2023-12-21 22:34:36,337 - httpx - INFO - HTTP Request: POST https://api.telegram.org/bot6544963442:AAGQQPLztmWLy_LcZG2jWvqk5HCrtloXvpQ/getUpdates "HTTP/1.1 200 OK"
2023-12-21 22:34:46,467 - httpx - INFO - HTTP Request: POST https://api.telegram.org/bot6544963442:AAGQQPLztmWLy_LcZG2jWvqk5HCrtloXvpQ/getUpdates "HTTP/1.1 200 OK"
2023-12-21 22:34:56,597 - httpx - INFO - HTTP Request: POST https://api.telegram.org/bot6544963442:AAGQQPLztmWLy_LcZG2jWvqk5HCrtloXvpQ/getUpdates "HTTP/1.1 200 OK"
2023-12-21 22:35:06,717 - httpx - INFO - HTTP Request: POST https://api.telegram.org/bot6544963442:AAGQQPLztmWLy_LcZG2jWvqk5HCrtloXvpQ/getUpdates "HTTP/1.1 200 OK"
2023-12-21 22:35:16,848 - httpx - INFO - HTTP Request: POST https://api.telegram.org/bot6544963442:AAGQQPLztmWLy_LcZG2jWvqk5HCrtloXvpQ/getUpdates "HTTP/1.1 200 OK"
2023-12-21 22:35:26,965 - httpx - INFO - HTTP Request: POST https://api.telegram.org/bot6544963442:AAGQQPLztmWLy_LcZG2jWvqk5HCrtloXvpQ/getUpdates "HTTP/1.1 200 OK"
2023-12-21 22:35:37,090 - httpx - INFO - HTTP Request: POST https://api.telegram.org/bot6544963442:AAGQQPLztmWLy_LcZG2jWvqk5HCrtloXvpQ/getUpdates "HTTP/1.1 200 OK"
2023-12-21 22:35:47,219 - httpx - INFO - HTTP Request: POST https://api.telegram.org/bot6544963442:AAGQQPLztmWLy_LcZG2jWvqk5HCrtloXvpQ/getUpdates "HTTP/1.1 200 OK"
2023-12-21 22:35:57,339 - httpx - INFO - HTTP Request: POST https://api.telegram.org/bot6544963442:AAGQQPLztmWLy_LcZG2jWvqk5HCrtloXvpQ/getUpdates "HTTP/1.1 200 OK"
2023-12-21 22:36:07,467 - httpx - INFO - HTTP Request: POST https://api.telegram.org/bot6544963442:AAGQQPLztmWLy_LcZG2jWvqk5HCrtloXvpQ/getUpdates "HTTP/1.1 200 OK"
2023-12-21 22:36:17,609 - httpx - INFO - HTTP Request: POST https://api.telegram.org/bot6544963442:AAGQQPLztmWLy_LcZG2jWvqk5HCrtloXvpQ/getUpdates "HTTP/1.1 200 OK"
2023-12-21 22:36:27,749 - httpx - INFO - HTTP Request: POST https://api.telegram.org/bot6544963442:AAGQQPLztmWLy_LcZG2jWvqk5HCrtloXvpQ/getUpdates "HTTP/1.1 200 OK"
2023-12-21 22:36:37,871 - httpx - INFO - HTTP Request: POST https://api.telegram.org/bot6544963442:AAGQQPLztmWLy_LcZG2jWvqk5HCrtloXvpQ/getUpdates "HTTP/1.1 200 OK"
2023-12-21 22:36:47,997 - httpx - INFO - HTTP Request: POST https://api.telegram.org/bot6544963442:AAGQQPLztmWLy_LcZG2jWvqk5HCrtloXvpQ/getUpdates "HTTP/1.1 200 OK"
2023-12-21 22:36:58,119 - httpx - INFO - HTTP Request: POST https://api.telegram.org/bot6544963442:AAGQQPLztmWLy_LcZG2jWvqk5HCrtloXvpQ/getUpdates "HTTP/1.1 200 OK"
2023-12-21 22:37:08,235 - httpx - INFO - HTTP Request: POST https://api.telegram.org/bot6544963442:AAGQQPLztmWLy_LcZG2jWvqk5HCrtloXvpQ/getUpdates "HTTP/1.1 200 OK"
2023-12-21 22:37:18,362 - httpx - INFO - HTTP Request: POST https://api.telegram.org/bot6544963442:AAGQQPLztmWLy_LcZG2jWvqk5HCrtloXvpQ/getUpdates "HTTP/1.1 200 OK"
2023-12-21 22:37:28,482 - httpx - INFO - HTTP Request: POST https://api.telegram.org/bot6544963442:AAGQQPLztmWLy_LcZG2jWvqk5HCrtloXvpQ/getUpdates "HTTP/1.1 200 OK"
2023-12-21 22:37:38,602 - httpx - INFO - HTTP Request: POST https://api.telegram.org/bot6544963442:AAGQQPLztmWLy_LcZG2jWvqk5HCrtloXvpQ/getUpdates "HTTP/1.1 200 OK"
2023-12-21 22:37:48,753 - httpx - INFO - HTTP Request: POST https://api.telegram.org/bot6544963442:AAGQQPLztmWLy_LcZG2jWvqk5HCrtloXvpQ/getUpdates "HTTP/1.1 200 OK"
2023-12-21 22:37:58,891 - httpx - INFO - HTTP Request: POST https://api.telegram.org/bot6544963442:AAGQQPLztmWLy_LcZG2jWvqk5HCrtloXvpQ/getUpdates "HTTP/1.1 200 OK"
2023-12-21 22:38:09,022 - httpx - INFO - HTTP Request: POST https://api.telegram.org/bot6544963442:AAGQQPLztmWLy_LcZG2jWvqk5HCrtloXvpQ/getUpdates "HTTP/1.1 200 OK"
2023-12-21 22:38:19,143 - httpx - INFO - HTTP Request: POST https://api.telegram.org/bot6544963442:AAGQQPLztmWLy_LcZG2jWvqk5HCrtloXvpQ/getUpdates "HTTP/1.1 200 OK"
2023-12-21 22:38:29,267 - httpx - INFO - HTTP Request: POST https://api.telegram.org/bot6544963442:AAGQQPLztmWLy_LcZG2jWvqk5HCrtloXvpQ/getUpdates "HTTP/1.1 200 OK"
2023-12-21 22:38:39,427 - httpx - INFO - HTTP Request: POST https://api.telegram.org/bot6544963442:AAGQQPLztmWLy_LcZG2jWvqk5HCrtloXvpQ/getUpdates "HTTP/1.1 200 OK"
2023-12-21 22:38:49,561 - httpx - INFO - HTTP Request: POST https://api.telegram.org/bot6544963442:AAGQQPLztmWLy_LcZG2jWvqk5HCrtloXvpQ/getUpdates "HTTP/1.1 200 OK"
2023-12-21 22:38:59,702 - httpx - INFO - HTTP Request: POST https://api.telegram.org/bot6544963442:AAGQQPLztmWLy_LcZG2jWvqk5HCrtloXvpQ/getUpdates "HTTP/1.1 200 OK"
2023-12-21 22:39:09,824 - httpx - INFO - HTTP Request: POST https://api.telegram.org/bot6544963442:AAGQQPLztmWLy_LcZG2jWvqk5HCrtloXvpQ/getUpdates "HTTP/1.1 200 OK"
2023-12-21 22:39:19,952 - httpx - INFO - HTTP Request: POST https://api.telegram.org/bot6544963442:AAGQQPLztmWLy_LcZG2jWvqk5HCrtloXvpQ/getUpdates "HTTP/1.1 200 OK"
2023-12-21 22:39:30,082 - httpx - INFO - HTTP Request: POST https://api.telegram.org/bot6544963442:AAGQQPLztmWLy_LcZG2jWvqk5HCrtloXvpQ/getUpdates "HTTP/1.1 200 OK"
2023-12-21 22:39:40,203 - httpx - INFO - HTTP Request: POST https://api.telegram.org/bot6544963442:AAGQQPLztmWLy_LcZG2jWvqk5HCrtloXvpQ/getUpdates "HTTP/1.1 200 OK"
2023-12-21 22:39:50,328 - httpx - INFO - HTTP Request: POST https://api.telegram.org/bot6544963442:AAGQQPLztmWLy_LcZG2jWvqk5HCrtloXvpQ/getUpdates "HTTP/1.1 200 OK"
2023-12-21 22:40:00,453 - httpx - INFO - HTTP Request: POST https://api.telegram.org/bot6544963442:AAGQQPLztmWLy_LcZG2jWvqk5HCrtloXvpQ/getUpdates "HTTP/1.1 200 OK"
2023-12-21 22:40:10,577 - httpx - INFO - HTTP Request: POST https://api.telegram.org/bot6544963442:AAGQQPLztmWLy_LcZG2jWvqk5HCrtloXvpQ/getUpdates "HTTP/1.1 200 OK"
2023-12-21 22:40:20,697 - httpx - INFO - HTTP Request: POST https://api.telegram.org/bot6544963442:AAGQQPLztmWLy_LcZG2jWvqk5HCrtloXvpQ/getUpdates "HTTP/1.1 200 OK"
2023-12-21 22:40:30,841 - httpx - INFO - HTTP Request: POST https://api.telegram.org/bot6544963442:AAGQQPLztmWLy_LcZG2jWvqk5HCrtloXvpQ/getUpdates "HTTP/1.1 200 OK"
2023-12-21 22:40:40,966 - httpx - INFO - HTTP Request: POST https://api.telegram.org/bot6544963442:AAGQQPLztmWLy_LcZG2jWvqk5HCrtloXvpQ/getUpdates "HTTP/1.1 200 OK"
2023-12-21 22:40:51,142 - httpx - INFO - HTTP Request: POST https://api.telegram.org/bot6544963442:AAGQQPLztmWLy_LcZG2jWvqk5HCrtloXvpQ/getUpdates "HTTP/1.1 200 OK"
2023-12-21 22:41:01,266 - httpx - INFO - HTTP Request: POST https://api.telegram.org/bot6544963442:AAGQQPLztmWLy_LcZG2jWvqk5HCrtloXvpQ/getUpdates "HTTP/1.1 200 OK"
2023-12-21 22:41:11,394 - httpx - INFO - HTTP Request: POST https://api.telegram.org/bot6544963442:AAGQQPLztmWLy_LcZG2jWvqk5HCrtloXvpQ/getUpdates "HTTP/1.1 200 OK"
2023-12-21 22:41:21,523 - httpx - INFO - HTTP Request: POST https://api.telegram.org/bot6544963442:AAGQQPLztmWLy_LcZG2jWvqk5HCrtloXvpQ/getUpdates "HTTP/1.1 200 OK"
2023-12-21 22:41:31,655 - httpx - INFO - HTTP Request: POST https://api.telegram.org/bot6544963442:AAGQQPLztmWLy_LcZG2jWvqk5HCrtloXvpQ/getUpdates "HTTP/1.1 200 OK"
2023-12-21 22:41:41,780 - httpx - INFO - HTTP Request: POST https://api.telegram.org/bot6544963442:AAGQQPLztmWLy_LcZG2jWvqk5HCrtloXvpQ/getUpdates "HTTP/1.1 200 OK"
2023-12-21 22:41:51,904 - httpx - INFO - HTTP Request: POST https://api.telegram.org/bot6544963442:AAGQQPLztmWLy_LcZG2jWvqk5HCrtloXvpQ/getUpdates "HTTP/1.1 200 OK"
2023-12-21 22:42:02,033 - httpx - INFO - HTTP Request: POST https://api.telegram.org/bot6544963442:AAGQQPLztmWLy_LcZG2jWvqk5HCrtloXvpQ/getUpdates "HTTP/1.1 200 OK"
2023-12-21 22:42:12,152 - httpx - INFO - HTTP Request: POST https://api.telegram.org/bot6544963442:AAGQQPLztmWLy_LcZG2jWvqk5HCrtloXvpQ/getUpdates "HTTP/1.1 200 OK"
2023-12-21 22:42:22,279 - httpx - INFO - HTTP Request: POST https://api.telegram.org/bot6544963442:AAGQQPLztmWLy_LcZG2jWvqk5HCrtloXvpQ/getUpdates "HTTP/1.1 200 OK"
2023-12-21 22:42:32,694 - httpx - INFO - HTTP Request: POST https://api.telegram.org/bot6544963442:AAGQQPLztmWLy_LcZG2jWvqk5HCrtloXvpQ/getUpdates "HTTP/1.1 200 OK"
2023-12-21 22:42:42,817 - httpx - INFO - HTTP Request: POST https://api.telegram.org/bot6544963442:AAGQQPLztmWLy_LcZG2jWvqk5HCrtloXvpQ/getUpdates "HTTP/1.1 200 OK"
2023-12-21 22:42:52,956 - httpx - INFO - HTTP Request: POST https://api.telegram.org/bot6544963442:AAGQQPLztmWLy_LcZG2jWvqk5HCrtloXvpQ/getUpdates "HTTP/1.1 200 OK"
2023-12-21 22:43:03,078 - httpx - INFO - HTTP Request: POST https://api.telegram.org/bot6544963442:AAGQQPLztmWLy_LcZG2jWvqk5HCrtloXvpQ/getUpdates "HTTP/1.1 200 OK"
2023-12-21 22:43:13,208 - httpx - INFO - HTTP Request: POST https://api.telegram.org/bot6544963442:AAGQQPLztmWLy_LcZG2jWvqk5HCrtloXvpQ/getUpdates "HTTP/1.1 200 OK"
2023-12-21 22:43:23,339 - httpx - INFO - HTTP Request: POST https://api.telegram.org/bot6544963442:AAGQQPLztmWLy_LcZG2jWvqk5HCrtloXvpQ/getUpdates "HTTP/1.1 200 OK"
2023-12-21 22:43:33,477 - httpx - INFO - HTTP Request: POST https://api.telegram.org/bot6544963442:AAGQQPLztmWLy_LcZG2jWvqk5HCrtloXvpQ/getUpdates "HTTP/1.1 200 OK"
2023-12-21 22:43:43,608 - httpx - INFO - HTTP Request: POST https://api.telegram.org/bot6544963442:AAGQQPLztmWLy_LcZG2jWvqk5HCrtloXvpQ/getUpdates "HTTP/1.1 200 OK"
2023-12-21 22:43:53,728 - httpx - INFO - HTTP Request: POST https://api.telegram.org/bot6544963442:AAGQQPLztmWLy_LcZG2jWvqk5HCrtloXvpQ/getUpdates "HTTP/1.1 200 OK"
2023-12-21 22:44:03,855 - httpx - INFO - HTTP Request: POST https://api.telegram.org/bot6544963442:AAGQQPLztmWLy_LcZG2jWvqk5HCrtloXvpQ/getUpdates "HTTP/1.1 200 OK"
2023-12-21 22:44:13,982 - httpx - INFO - HTTP Request: POST https://api.telegram.org/bot6544963442:AAGQQPLztmWLy_LcZG2jWvqk5HCrtloXvpQ/getUpdates "HTTP/1.1 200 OK"
2023-12-21 22:44:24,099 - httpx - INFO - HTTP Request: POST https://api.telegram.org/bot6544963442:AAGQQPLztmWLy_LcZG2jWvqk5HCrtloXvpQ/getUpdates "HTTP/1.1 200 OK"
2023-12-21 22:44:34,230 - httpx - INFO - HTTP Request: POST https://api.telegram.org/bot6544963442:AAGQQPLztmWLy_LcZG2jWvqk5HCrtloXvpQ/getUpdates "HTTP/1.1 200 OK"
2023-12-21 22:44:44,355 - httpx - INFO - HTTP Request: POST https://api.telegram.org/bot6544963442:AAGQQPLztmWLy_LcZG2jWvqk5HCrtloXvpQ/getUpdates "HTTP/1.1 200 OK"
2023-12-21 22:44:54,473 - httpx - INFO - HTTP Request: POST https://api.telegram.org/bot6544963442:AAGQQPLztmWLy_LcZG2jWvqk5HCrtloXvpQ/getUpdates "HTTP/1.1 200 OK"
2023-12-21 22:45:04,602 - httpx - INFO - HTTP Request: POST https://api.telegram.org/bot6544963442:AAGQQPLztmWLy_LcZG2jWvqk5HCrtloXvpQ/getUpdates "HTTP/1.1 200 OK"
2023-12-21 22:45:14,726 - httpx - INFO - HTTP Request: POST https://api.telegram.org/bot6544963442:AAGQQPLztmWLy_LcZG2jWvqk5HCrtloXvpQ/getUpdates "HTTP/1.1 200 OK"
2023-12-21 22:45:22,489 - httpx - INFO - HTTP Request: POST https://api.telegram.org/bot6544963442:AAGQQPLztmWLy_LcZG2jWvqk5HCrtloXvpQ/getUpdates "HTTP/1.1 200 OK"
2023-12-21 22:45:23,027 - httpx - INFO - HTTP Request: POST https://api.telegram.org/bot6544963442:AAGQQPLztmWLy_LcZG2jWvqk5HCrtloXvpQ/sendMessage "HTTP/1.1 200 OK"
2023-12-21 22:45:29,882 - httpx - INFO - HTTP Request: POST https://api.telegram.org/bot6544963442:AAGQQPLztmWLy_LcZG2jWvqk5HCrtloXvpQ/getUpdates "HTTP/1.1 200 OK"
2023-12-21 22:45:29,884 - apscheduler.scheduler - INFO - Added job "alarm_589482925" to job store "default"
2023-12-21 22:45:30,369 - httpx - INFO - HTTP Request: POST https://api.telegram.org/bot6544963442:AAGQQPLztmWLy_LcZG2jWvqk5HCrtloXvpQ/sendMessage "HTTP/1.1 200 OK"
2023-12-21 22:45:30,980 - httpx - INFO - HTTP Request: POST https://api.telegram.org/bot6544963442:AAGQQPLztmWLy_LcZG2jWvqk5HCrtloXvpQ/getUpdates "HTTP/1.1 200 OK"
2023-12-21 22:45:30,982 - tools.commands - INFO - 589482925 enrolled.
2023-12-21 22:45:30,983 - tools.commands - INFO - 589482925 joined!
2023-12-21 22:45:34,897 - apscheduler.scheduler - INFO - Removed job 374a790ac44b40858355e4c021202a21
2023-12-21 22:45:34,898 - apscheduler.executors.default - INFO - Running job "alarm_589482925 (trigger: date[2023-12-22 03:45:34 UTC], next run at: 2023-12-22 03:45:34 UTC)" (scheduled at 2023-12-22 03:45:34.884538+00:00)
2023-12-21 22:45:35,174 - httpx - INFO - HTTP Request: POST https://api.telegram.org/bot6544963442:AAGQQPLztmWLy_LcZG2jWvqk5HCrtloXvpQ/sendMessage "HTTP/1.1 200 OK"
2023-12-21 22:45:35,176 - tools.commands - INFO - Enrollment over. The game will begin shortly.
Players enrolled : dict_keys([589482925])
2023-12-21 22:45:35,176 - apscheduler.executors.default - INFO - Job "alarm_589482925 (trigger: date[2023-12-22 03:45:34 UTC], next run at: 2023-12-22 03:45:34 UTC)" executed successfully
2023-12-21 22:45:41,109 - httpx - INFO - HTTP Request: POST https://api.telegram.org/bot6544963442:AAGQQPLztmWLy_LcZG2jWvqk5HCrtloXvpQ/getUpdates "HTTP/1.1 200 OK"
2023-12-21 22:45:46,077 - httpx - INFO - HTTP Request: POST https://api.telegram.org/bot6544963442:AAGQQPLztmWLy_LcZG2jWvqk5HCrtloXvpQ/getUpdates "HTTP/1.1 200 OK"
2023-12-21 22:45:46,079 - telegram.ext.Application - INFO - Application is stopping. This might take a moment.
2023-12-21 22:45:46,080 - apscheduler.scheduler - INFO - Scheduler has been shut down
2023-12-21 22:45:46,080 - telegram.ext.Application - INFO - Application.stop() complete
2023-12-21 22:45:54,954 - tools.commands - INFO - GameBot Init completed
2023-12-21 22:45:55,357 - httpx - INFO - HTTP Request: POST https://api.telegram.org/bot6544963442:AAGQQPLztmWLy_LcZG2jWvqk5HCrtloXvpQ/getMe "HTTP/1.1 200 OK"
2023-12-21 22:45:55,480 - httpx - INFO - HTTP Request: POST https://api.telegram.org/bot6544963442:AAGQQPLztmWLy_LcZG2jWvqk5HCrtloXvpQ/deleteWebhook "HTTP/1.1 200 OK"
2023-12-21 22:45:55,482 - apscheduler.scheduler - INFO - Scheduler started
2023-12-21 22:45:55,483 - telegram.ext.Application - INFO - Application started
2023-12-21 22:45:58,870 - httpx - INFO - HTTP Request: POST https://api.telegram.org/bot6544963442:AAGQQPLztmWLy_LcZG2jWvqk5HCrtloXvpQ/getUpdates "HTTP/1.1 200 OK"
2023-12-21 22:45:59,138 - httpx - INFO - HTTP Request: POST https://api.telegram.org/bot6544963442:AAGQQPLztmWLy_LcZG2jWvqk5HCrtloXvpQ/sendMessage "HTTP/1.1 200 OK"
2023-12-21 22:46:01,825 - httpx - INFO - HTTP Request: POST https://api.telegram.org/bot6544963442:AAGQQPLztmWLy_LcZG2jWvqk5HCrtloXvpQ/getUpdates "HTTP/1.1 200 OK"
2023-12-21 22:46:01,840 - apscheduler.scheduler - INFO - Added job "alarm_589482925" to job store "default"
2023-12-21 22:46:02,101 - httpx - INFO - HTTP Request: POST https://api.telegram.org/bot6544963442:AAGQQPLztmWLy_LcZG2jWvqk5HCrtloXvpQ/sendMessage "HTTP/1.1 200 OK"
2023-12-21 22:46:02,884 - httpx - INFO - HTTP Request: POST https://api.telegram.org/bot6544963442:AAGQQPLztmWLy_LcZG2jWvqk5HCrtloXvpQ/getUpdates "HTTP/1.1 200 OK"
2023-12-21 22:46:02,887 - tools.commands - INFO - 589482925 enrolled.
2023-12-21 22:46:02,888 - tools.commands - INFO - 589482925 joined!
2023-12-21 22:46:06,839 - apscheduler.scheduler - INFO - Removed job a43d8a0276404662a7735d8f406fb179
2023-12-21 22:46:06,840 - apscheduler.executors.default - INFO - Running job "alarm_589482925 (trigger: date[2023-12-22 03:46:06 UTC], next run at: 2023-12-22 03:46:06 UTC)" (scheduled at 2023-12-22 03:46:06.827602+00:00)
2023-12-21 22:46:07,091 - httpx - INFO - HTTP Request: POST https://api.telegram.org/bot6544963442:AAGQQPLztmWLy_LcZG2jWvqk5HCrtloXvpQ/sendMessage "HTTP/1.1 200 OK"
2023-12-21 22:46:07,093 - tools.commands - INFO - Enrollment over. The game will begin shortly.
Players enrolled : [589482925]
2023-12-21 22:46:07,093 - apscheduler.executors.default - INFO - Job "alarm_589482925 (trigger: date[2023-12-22 03:46:06 UTC], next run at: 2023-12-22 03:46:06 UTC)" executed successfully
2023-12-21 22:46:13,032 - httpx - INFO - HTTP Request: POST https://api.telegram.org/bot6544963442:AAGQQPLztmWLy_LcZG2jWvqk5HCrtloXvpQ/getUpdates "HTTP/1.1 200 OK"
2023-12-21 22:46:23,173 - httpx - INFO - HTTP Request: POST https://api.telegram.org/bot6544963442:AAGQQPLztmWLy_LcZG2jWvqk5HCrtloXvpQ/getUpdates "HTTP/1.1 200 OK"
2023-12-21 22:46:34,220 - httpx - INFO - HTTP Request: POST https://api.telegram.org/bot6544963442:AAGQQPLztmWLy_LcZG2jWvqk5HCrtloXvpQ/getUpdates "HTTP/1.1 200 OK"
2023-12-21 22:46:44,343 - httpx - INFO - HTTP Request: POST https://api.telegram.org/bot6544963442:AAGQQPLztmWLy_LcZG2jWvqk5HCrtloXvpQ/getUpdates "HTTP/1.1 200 OK"
2023-12-21 22:46:54,482 - httpx - INFO - HTTP Request: POST https://api.telegram.org/bot6544963442:AAGQQPLztmWLy_LcZG2jWvqk5HCrtloXvpQ/getUpdates "HTTP/1.1 200 OK"
2023-12-21 22:47:04,620 - httpx - INFO - HTTP Request: POST https://api.telegram.org/bot6544963442:AAGQQPLztmWLy_LcZG2jWvqk5HCrtloXvpQ/getUpdates "HTTP/1.1 200 OK"
2023-12-21 22:47:14,795 - httpx - INFO - HTTP Request: POST https://api.telegram.org/bot6544963442:AAGQQPLztmWLy_LcZG2jWvqk5HCrtloXvpQ/getUpdates "HTTP/1.1 200 OK"
2023-12-21 22:47:24,930 - httpx - INFO - HTTP Request: POST https://api.telegram.org/bot6544963442:AAGQQPLztmWLy_LcZG2jWvqk5HCrtloXvpQ/getUpdates "HTTP/1.1 200 OK"
2023-12-21 22:47:35,073 - httpx - INFO - HTTP Request: POST https://api.telegram.org/bot6544963442:AAGQQPLztmWLy_LcZG2jWvqk5HCrtloXvpQ/getUpdates "HTTP/1.1 200 OK"
2023-12-21 22:47:45,200 - httpx - INFO - HTTP Request: POST https://api.telegram.org/bot6544963442:AAGQQPLztmWLy_LcZG2jWvqk5HCrtloXvpQ/getUpdates "HTTP/1.1 200 OK"
2023-12-21 22:47:55,324 - httpx - INFO - HTTP Request: POST https://api.telegram.org/bot6544963442:AAGQQPLztmWLy_LcZG2jWvqk5HCrtloXvpQ/getUpdates "HTTP/1.1 200 OK"
2023-12-21 22:48:05,459 - httpx - INFO - HTTP Request: POST https://api.telegram.org/bot6544963442:AAGQQPLztmWLy_LcZG2jWvqk5HCrtloXvpQ/getUpdates "HTTP/1.1 200 OK"
2023-12-21 22:48:15,605 - httpx - INFO - HTTP Request: POST https://api.telegram.org/bot6544963442:AAGQQPLztmWLy_LcZG2jWvqk5HCrtloXvpQ/getUpdates "HTTP/1.1 200 OK"
2023-12-21 22:48:25,741 - httpx - INFO - HTTP Request: POST https://api.telegram.org/bot6544963442:AAGQQPLztmWLy_LcZG2jWvqk5HCrtloXvpQ/getUpdates "HTTP/1.1 200 OK"
